2012-04-25 14:31:13,183 INFO  [CamelContextTest.setUp] ********************************************************************************
2012-04-25 14:31:13,204 INFO  [CamelContextTest.setUp] Testing: testCamel(fr.etai.iserver.test.eip.CamelContextTest)
2012-04-25 14:31:13,204 INFO  [CamelContextTest.setUp] ********************************************************************************
2012-04-25 14:31:13,406 INFO  [ClassPathXmlApplicationContext.prepareRefresh] Refreshing org.springframework.context.support.ClassPathXmlApplicationContext@4a1bda: startup date [Wed Apr 25 14:31:13 CEST 2012]; root of context hierarchy
2012-04-25 14:31:13,534 INFO  [XmlBeanDefinitionReader.loadBeanDefinitions] Loading XML bean definitions from class path resource [META-INF/spring/camel-context2.xml]
2012-04-25 14:31:13,536 INFO  [CamelContextTest.tearDown] ********************************************************************************
2012-04-25 14:31:13,536 INFO  [CamelContextTest.tearDown] Testing done: testCamel(fr.etai.iserver.test.eip.CamelContextTest)
2012-04-25 14:31:13,559 INFO  [CamelContextTest.tearDown] Took: 0.360 seconds (360 millis)
2012-04-25 14:31:13,559 INFO  [CamelContextTest.tearDown] ********************************************************************************
2012-04-25 14:31:42,044 INFO  [CamelContextTest.setUp] ********************************************************************************
2012-04-25 14:31:42,049 INFO  [CamelContextTest.setUp] Testing: testCamel(fr.etai.iserver.test.eip.CamelContextTest)
2012-04-25 14:31:42,049 INFO  [CamelContextTest.setUp] ********************************************************************************
2012-04-25 14:31:42,107 INFO  [ClassPathXmlApplicationContext.prepareRefresh] Refreshing org.springframework.context.support.ClassPathXmlApplicationContext@4a1bda: startup date [Wed Apr 25 14:31:42 CEST 2012]; root of context hierarchy
2012-04-25 14:31:42,166 INFO  [XmlBeanDefinitionReader.loadBeanDefinitions] Loading XML bean definitions from class path resource [camel-context2.xml]
2012-04-25 14:31:42,167 INFO  [CamelContextTest.tearDown] ********************************************************************************
2012-04-25 14:31:42,167 INFO  [CamelContextTest.tearDown] Testing done: testCamel(fr.etai.iserver.test.eip.CamelContextTest)
2012-04-25 14:31:42,171 INFO  [CamelContextTest.tearDown] Took: 0.127 seconds (127 millis)
2012-04-25 14:31:42,172 INFO  [CamelContextTest.tearDown] ********************************************************************************
2012-04-25 14:31:58,752 INFO  [CamelContextTest.setUp] ********************************************************************************
2012-04-25 14:31:58,756 INFO  [CamelContextTest.setUp] Testing: testCamel(fr.etai.iserver.test.eip.CamelContextTest)
2012-04-25 14:31:58,757 INFO  [CamelContextTest.setUp] ********************************************************************************
2012-04-25 14:31:58,816 INFO  [ClassPathXmlApplicationContext.prepareRefresh] Refreshing org.springframework.context.support.ClassPathXmlApplicationContext@4a1bda: startup date [Wed Apr 25 14:31:58 CEST 2012]; root of context hierarchy
2012-04-25 14:31:58,873 INFO  [XmlBeanDefinitionReader.loadBeanDefinitions] Loading XML bean definitions from class path resource [camel-context2.xml]
2012-04-25 14:31:58,875 INFO  [CamelContextTest.tearDown] ********************************************************************************
2012-04-25 14:31:58,875 INFO  [CamelContextTest.tearDown] Testing done: testCamel(fr.etai.iserver.test.eip.CamelContextTest)
2012-04-25 14:31:58,876 INFO  [CamelContextTest.tearDown] Took: 0.125 seconds (125 millis)
2012-04-25 14:31:58,876 INFO  [CamelContextTest.tearDown] ********************************************************************************
2012-04-25 14:32:20,513 INFO  [CamelContextTest.setUp] ********************************************************************************
2012-04-25 14:32:20,518 INFO  [CamelContextTest.setUp] Testing: testCamel(fr.etai.iserver.test.eip.CamelContextTest)
2012-04-25 14:32:20,518 INFO  [CamelContextTest.setUp] ********************************************************************************
2012-04-25 14:32:20,577 INFO  [ClassPathXmlApplicationContext.prepareRefresh] Refreshing org.springframework.context.support.ClassPathXmlApplicationContext@4a1bda: startup date [Wed Apr 25 14:32:20 CEST 2012]; root of context hierarchy
2012-04-25 14:32:20,638 INFO  [XmlBeanDefinitionReader.loadBeanDefinitions] Loading XML bean definitions from class path resource [camel-context-test.xml]
2012-04-25 14:32:20,890 INFO  [CamelContextTest.tearDown] ********************************************************************************
2012-04-25 14:32:20,891 INFO  [CamelContextTest.tearDown] Testing done: testCamel(fr.etai.iserver.test.eip.CamelContextTest)
2012-04-25 14:32:20,893 INFO  [CamelContextTest.tearDown] Took: 0.379 seconds (379 millis)
2012-04-25 14:32:20,893 INFO  [CamelContextTest.tearDown] ********************************************************************************
2012-04-25 14:33:24,523 INFO  [CamelContextTest.setUp] ********************************************************************************
2012-04-25 14:33:24,528 INFO  [CamelContextTest.setUp] Testing: testCamel(fr.etai.iserver.test.eip.CamelContextTest)
2012-04-25 14:33:24,529 INFO  [CamelContextTest.setUp] ********************************************************************************
2012-04-25 14:33:24,588 INFO  [ClassPathXmlApplicationContext.prepareRefresh] Refreshing org.springframework.context.support.ClassPathXmlApplicationContext@4a1bda: startup date [Wed Apr 25 14:33:24 CEST 2012]; root of context hierarchy
2012-04-25 14:33:24,647 INFO  [XmlBeanDefinitionReader.loadBeanDefinitions] Loading XML bean definitions from class path resource [camel-context-test.xml]
2012-04-25 14:33:24,699 INFO  [CamelContextTest.tearDown] ********************************************************************************
2012-04-25 14:33:24,699 INFO  [CamelContextTest.tearDown] Testing done: testCamel(fr.etai.iserver.test.eip.CamelContextTest)
2012-04-25 14:33:24,700 INFO  [CamelContextTest.tearDown] Took: 0.179 seconds (179 millis)
2012-04-25 14:33:24,701 INFO  [CamelContextTest.tearDown] ********************************************************************************
2012-04-25 14:33:40,809 INFO  [CamelContextTest.setUp] ********************************************************************************
2012-04-25 14:33:40,813 INFO  [CamelContextTest.setUp] Testing: testCamel(fr.etai.iserver.test.eip.CamelContextTest)
2012-04-25 14:33:40,814 INFO  [CamelContextTest.setUp] ********************************************************************************
2012-04-25 14:33:40,874 INFO  [ClassPathXmlApplicationContext.prepareRefresh] Refreshing org.springframework.context.support.ClassPathXmlApplicationContext@4a1bda: startup date [Wed Apr 25 14:33:40 CEST 2012]; root of context hierarchy
2012-04-25 14:33:40,931 INFO  [XmlBeanDefinitionReader.loadBeanDefinitions] Loading XML bean definitions from class path resource [camel-context-test.xml]
2012-04-25 14:33:40,975 INFO  [CamelContextTest.tearDown] ********************************************************************************
2012-04-25 14:33:40,976 INFO  [CamelContextTest.tearDown] Testing done: testCamel(fr.etai.iserver.test.eip.CamelContextTest)
2012-04-25 14:33:40,977 INFO  [CamelContextTest.tearDown] Took: 0.169 seconds (169 millis)
2012-04-25 14:33:40,977 INFO  [CamelContextTest.tearDown] ********************************************************************************
2012-04-25 14:34:14,875 INFO  [CamelContextTest.setUp] ********************************************************************************
2012-04-25 14:34:14,881 INFO  [CamelContextTest.setUp] Testing: testCamel(fr.etai.iserver.test.eip.CamelContextTest)
2012-04-25 14:34:14,881 INFO  [CamelContextTest.setUp] ********************************************************************************
2012-04-25 14:34:14,939 INFO  [ClassPathXmlApplicationContext.prepareRefresh] Refreshing org.springframework.context.support.ClassPathXmlApplicationContext@1801e5f: startup date [Wed Apr 25 14:34:14 CEST 2012]; root of context hierarchy
2012-04-25 14:34:15,011 INFO  [XmlBeanDefinitionReader.loadBeanDefinitions] Loading XML bean definitions from class path resource [camel-context-test.xml]
2012-04-25 14:34:15,054 INFO  [CamelContextTest.tearDown] ********************************************************************************
2012-04-25 14:34:15,054 INFO  [CamelContextTest.tearDown] Testing done: testCamel(fr.etai.iserver.test.eip.CamelContextTest)
2012-04-25 14:34:15,056 INFO  [CamelContextTest.tearDown] Took: 0.181 seconds (181 millis)
2012-04-25 14:34:15,056 INFO  [CamelContextTest.tearDown] ********************************************************************************
